<?xml version="1.0" encoding="UTF-8"?>
<testsuite xmlns:xsi="http://www.w3.org/2001/XMLSchema-instance" xsi:noNamespaceSchemaLocation="https://maven.apache.org/surefire/maven-surefire-plugin/xsd/surefire-test-report-3.0.xsd" version="3.0" name="com.library.BookServiceTest" time="1.722" tests="4" errors="0" skipped="0" failures="0">
  <properties>
[...]
</properties>
  <testcase name="testAddBook" classname="com.library.BookServiceTest" time="1.298">
    <system-out><![CDATA[delete from books
]]></system-out>
  </testcase>
  <testcase name="testUpdateBook" classname="com.library.BookServiceTest" time="0.159">
    <system-out><![CDATA[delete from books
]]></system-out>
  </testcase>
  <testcase name="testSearchBooksByTitle" classname="com.library.BookServiceTest" time="0.102">
    <system-out><![CDATA[delete from books
]]></system-out>
  </testcase>
  <testcase name="testDeleteBook" classname="com.library.BookServiceTest" time="0.099">
    <system-out><![CDATA[delete from books
]]></system-out>
  </testcase>
</testsuite>